The system is: Windows - 10.0.19043 - AMD64
Compiling the C compiler identification source file "CMakeCCompilerId.c" succeeded.
Compiler: D:/Program Files/Microsoft Visual Studio/2022/Community/VC/Tools/MSVC/14.30.30705/bin/Hostx86/x86/cl.exe 
Build flags: 
Id flags:  

The output was:
0
用于 x86 的 Microsoft (R) C/C++ 优化编译器 19.30.30706 版
版权所有(C) Microsoft Corporation。保留所有权利。

CMakeCCompilerId.c
Microsoft (R) Incremental Linker Version 14.30.30706.0
Copyright (C) Microsoft Corporation.  All rights reserved.

/out:CMakeCCompilerId.exe 
CMakeCCompilerId.obj 


Compilation of the C compiler identification source "CMakeCCompilerId.c" produced "CMakeCCompilerId.exe"

Compilation of the C compiler identification source "CMakeCCompilerId.c" produced "CMakeCCompilerId.obj"

The C compiler identification is MSVC, found in "D:/11071/OneDrive/CPlusWorkSpace/Linux_C_Book_Code/Chapter08_01/bookCode/cmake-build-debug/CMakeFiles/3.17.3/CompilerIdC/CMakeCCompilerId.exe"

Determining if the C compiler works passed with the following output:
Change Dir: D:/11071/OneDrive/CPlusWorkSpace/Linux_C_Book_Code/Chapter08_01/bookCode/cmake-build-debug/CMakeFiles/CMakeTmp

Run Build Command(s):nmake /nologo cmTC_fd202\fast && 	"D:\Program Files\Microsoft Visual Studio\2022\Community\VC\Tools\MSVC\14.30.30705\bin\HostX86\x86\nmake.exe"  -f CMakeFiles\cmTC_fd202.dir\build.make /nologo -L                  CMakeFiles\cmTC_fd202.dir\build
Building C object CMakeFiles/cmTC_fd202.dir/testCCompiler.c.obj
	D:\PROGRA~2\MICROS~2\2022\COMMUN~1\VC\Tools\MSVC\1430~1.307\bin\Hostx86\x86\cl.exe @C:\Users\11071\AppData\Local\Temp\nm7154.tmp
testCCompiler.c
Linking C executable cmTC_fd202.exe
	"D:\Program Files\JetBrains\CLion 2020.2.5\bin\cmake\win\bin\cmake.exe" -E vs_link_exe --intdir=CMakeFiles\cmTC_fd202.dir --rc=D:\WINDOW~2\10\bin\100190~1.0\x86\rc.exe --mt=D:\WINDOW~2\10\bin\100190~1.0\x86\mt.exe --manifests  -- D:\PROGRA~2\MICROS~2\2022\COMMUN~1\VC\Tools\MSVC\1430~1.307\bin\Hostx86\x86\link.exe /nologo @CMakeFiles\cmTC_fd202.dir\objects1.rsp @C:\Users\11071\AppData\Local\Temp\nm72BD.tmp



Detecting C compiler ABI info compiled with the following output:
Change Dir: D:/11071/OneDrive/CPlusWorkSpace/Linux_C_Book_Code/Chapter08_01/bookCode/cmake-build-debug/CMakeFiles/CMakeTmp

Run Build Command(s):nmake /nologo cmTC_3a4bb\fast && 	"D:\Program Files\Microsoft Visual Studio\2022\Community\VC\Tools\MSVC\14.30.30705\bin\HostX86\x86\nmake.exe"  -f CMakeFiles\cmTC_3a4bb.dir\build.make /nologo -L                  CMakeFiles\cmTC_3a4bb.dir\build
Building C object CMakeFiles/cmTC_3a4bb.dir/CMakeCCompilerABI.c.obj
	D:\PROGRA~2\MICROS~2\2022\COMMUN~1\VC\Tools\MSVC\1430~1.307\bin\Hostx86\x86\cl.exe @C:\Users\11071\AppData\Local\Temp\nm7B28.tmp
CMakeCCompilerABI.c
Linking C executable cmTC_3a4bb.exe
	"D:\Program Files\JetBrains\CLion 2020.2.5\bin\cmake\win\bin\cmake.exe" -E vs_link_exe --intdir=CMakeFiles\cmTC_3a4bb.dir --rc=D:\WINDOW~2\10\bin\100190~1.0\x86\rc.exe --mt=D:\WINDOW~2\10\bin\100190~1.0\x86\mt.exe --manifests  -- D:\PROGRA~2\MICROS~2\2022\COMMUN~1\VC\Tools\MSVC\1430~1.307\bin\Hostx86\x86\link.exe /nologo @CMakeFiles\cmTC_3a4bb.dir\objects1.rsp @C:\Users\11071\AppData\Local\Temp\nm7BF4.tmp



