The system is: Windows - 10.0.19043 - AMD64
Compiling the C compiler identification source file "CMakeCCompilerId.c" succeeded.
Compiler: D:/Program Files/Microsoft Visual Studio/2022/Community/VC/Tools/MSVC/14.30.30705/bin/Hostx86/x86/cl.exe 
Build flags: 
Id flags:  

The output was:
0
用于 x86 的 Microsoft (R) C/C++ 优化编译器 19.30.30706 版
版权所有(C) Microsoft Corporation。保留所有权利。

CMakeCCompilerId.c
Microsoft (R) Incremental Linker Version 14.30.30706.0
Copyright (C) Microsoft Corporation.  All rights reserved.

/out:CMakeCCompilerId.exe 
CMakeCCompilerId.obj 


Compilation of the C compiler identification source "CMakeCCompilerId.c" produced "CMakeCCompilerId.exe"

Compilation of the C compiler identification source "CMakeCCompilerId.c" produced "CMakeCCompilerId.obj"

The C compiler identification is MSVC, found in "D:/11071/OneDrive/CPlusWorkSpace/Linux_C_Book_Code/Chapter16_01/bookCode/cmake-build-debug/CMakeFiles/3.17.3/CompilerIdC/CMakeCCompilerId.exe"

Determining if the C compiler works passed with the following output:
Change Dir: D:/11071/OneDrive/CPlusWorkSpace/Linux_C_Book_Code/Chapter16_01/bookCode/cmake-build-debug/CMakeFiles/CMakeTmp

Run Build Command(s):nmake /nologo cmTC_bb3d4\fast && 	"D:\Program Files\Microsoft Visual Studio\2022\Community\VC\Tools\MSVC\14.30.30705\bin\HostX86\x86\nmake.exe"  -f CMakeFiles\cmTC_bb3d4.dir\build.make /nologo -L                  CMakeFiles\cmTC_bb3d4.dir\build
Building C object CMakeFiles/cmTC_bb3d4.dir/testCCompiler.c.obj
	D:\PROGRA~2\MICROS~2\2022\COMMUN~1\VC\Tools\MSVC\1430~1.307\bin\Hostx86\x86\cl.exe @C:\Users\11071\AppData\Local\Temp\nmA964.tmp
testCCompiler.c
Linking C executable cmTC_bb3d4.exe
	"D:\Program Files\JetBrains\CLion 2020.2.5\bin\cmake\win\bin\cmake.exe" -E vs_link_exe --intdir=CMakeFiles\cmTC_bb3d4.dir --rc=D:\WINDOW~2\10\bin\100190~1.0\x86\rc.exe --mt=D:\WINDOW~2\10\bin\100190~1.0\x86\mt.exe --manifests  -- D:\PROGRA~2\MICROS~2\2022\COMMUN~1\VC\Tools\MSVC\1430~1.307\bin\Hostx86\x86\link.exe /nologo @CMakeFiles\cmTC_bb3d4.dir\objects1.rsp @C:\Users\11071\AppData\Local\Temp\nmA9E2.tmp



Detecting C compiler ABI info compiled with the following output:
Change Dir: D:/11071/OneDrive/CPlusWorkSpace/Linux_C_Book_Code/Chapter16_01/bookCode/cmake-build-debug/CMakeFiles/CMakeTmp

Run Build Command(s):nmake /nologo cmTC_9f5a8\fast && 	"D:\Program Files\Microsoft Visual Studio\2022\Community\VC\Tools\MSVC\14.30.30705\bin\HostX86\x86\nmake.exe"  -f CMakeFiles\cmTC_9f5a8.dir\build.make /nologo -L                  CMakeFiles\cmTC_9f5a8.dir\build
Building C object CMakeFiles/cmTC_9f5a8.dir/CMakeCCompilerABI.c.obj
	D:\PROGRA~2\MICROS~2\2022\COMMUN~1\VC\Tools\MSVC\1430~1.307\bin\Hostx86\x86\cl.exe @C:\Users\11071\AppData\Local\Temp\nmB5B8.tmp
CMakeCCompilerABI.c
Linking C executable cmTC_9f5a8.exe
	"D:\Program Files\JetBrains\CLion 2020.2.5\bin\cmake\win\bin\cmake.exe" -E vs_link_exe --intdir=CMakeFiles\cmTC_9f5a8.dir --rc=D:\WINDOW~2\10\bin\100190~1.0\x86\rc.exe --mt=D:\WINDOW~2\10\bin\100190~1.0\x86\mt.exe --manifests  -- D:\PROGRA~2\MICROS~2\2022\COMMUN~1\VC\Tools\MSVC\1430~1.307\bin\Hostx86\x86\link.exe /nologo @CMakeFiles\cmTC_9f5a8.dir\objects1.rsp @C:\Users\11071\AppData\Local\Temp\nmB636.tmp



The system is: Windows - 10.0.19043 - AMD64
Compiling the C compiler identification source file "CMakeCCompilerId.c" succeeded.
Compiler: D:/Program Files/Microsoft Visual Studio/2022/Community/VC/Tools/MSVC/14.30.30705/bin/Hostx86/x86/cl.exe 
Build flags: /DWIN32;/D_WINDOWS
Id flags:  

The output was:
0
用于 x86 的 Microsoft (R) C/C++ 优化编译器 19.30.30706 版
版权所有(C) Microsoft Corporation。保留所有权利。

CMakeCCompilerId.c
Microsoft (R) Incremental Linker Version 14.30.30706.0
Copyright (C) Microsoft Corporation.  All rights reserved.

/out:CMakeCCompilerId.exe 
CMakeCCompilerId.obj 


Compilation of the C compiler identification source "CMakeCCompilerId.c" produced "CMakeCCompilerId.exe"

Compilation of the C compiler identification source "CMakeCCompilerId.c" produced "CMakeCCompilerId.obj"

The C compiler identification is MSVC, found in "D:/11071/OneDrive/CPlusWorkSpace/Linux_C_Book_Code/Chapter16_01/bookCode/cmake-build-debug/CMakeFiles/3.19.2/CompilerIdC/CMakeCCompilerId.exe"

Detecting C compiler ABI info compiled with the following output:
Change Dir: D:/11071/OneDrive/CPlusWorkSpace/Linux_C_Book_Code/Chapter16_01/bookCode/cmake-build-debug/CMakeFiles/CMakeTmp

Run Build Command(s):nmake /nologo cmTC_17b08\fast && 	"D:\Program Files\Microsoft Visual Studio\2022\Community\VC\Tools\MSVC\14.30.30705\bin\HostX86\x86\nmake.exe"  -f CMakeFiles\cmTC_17b08.dir\build.make /nologo -L                  CMakeFiles\cmTC_17b08.dir\build
Building C object CMakeFiles/cmTC_17b08.dir/CMakeCCompilerABI.c.obj
	D:\PROGRA~2\MICROS~2\2022\COMMUN~1\VC\Tools\MSVC\1430~1.307\bin\Hostx86\x86\cl.exe @C:\Users\11071\AppData\Local\Temp\nmDFE2.tmp
CMakeCCompilerABI.c
Linking C executable cmTC_17b08.exe
	"C:\Program Files\JetBrains\CLion 2021.1.3\bin\cmake\win\bin\cmake.exe" -E vs_link_exe --intdir=CMakeFiles\cmTC_17b08.dir --rc=D:\WINDOW~2\10\bin\100190~1.0\x86\rc.exe --mt=D:\WINDOW~2\10\bin\100190~1.0\x86\mt.exe --manifests -- D:\PROGRA~2\MICROS~2\2022\COMMUN~1\VC\Tools\MSVC\1430~1.307\bin\Hostx86\x86\link.exe /nologo @CMakeFiles\cmTC_17b08.dir\objects1.rsp @C:\Users\11071\AppData\Local\Temp\nmE4C5.tmp



